Determining if the pthread_create exist failed with the following output:
Change Dir: /home/erik/Documents/Term_4/dit168/web-interface/Controller/build/CMakeFiles/CMakeTmp

Run Build Command:"/usr/bin/make" "cmTC_6c16c/fast"
/usr/bin/make -f CMakeFiles/cmTC_6c16c.dir/build.make CMakeFiles/cmTC_6c16c.dir/build
make[1]: Entering directory '/home/erik/Documents/Term_4/dit168/web-interface/Controller/build/CMakeFiles/CMakeTmp'
Building C object CMakeFiles/cmTC_6c16c.dir/CheckSymbolExists.c.o
/usr/bin/cc     -o CMakeFiles/cmTC_6c16c.dir/CheckSymbolExists.c.o   -c /home/erik/Documents/Term_4/dit168/web-interface/Controller/build/CMakeFiles/CMakeTmp/CheckSymbolExists.c
Linking C executable cmTC_6c16c
/usr/bin/cmake -E cmake_link_script CMakeFiles/cmTC_6c16c.dir/link.txt --verbose=1
/usr/bin/cc       CMakeFiles/cmTC_6c16c.dir/CheckSymbolExists.c.o  -o cmTC_6c16c -rdynamic 
CMakeFiles/cmTC_6c16c.dir/CheckSymbolExists.c.o: In function `main':
CheckSymbolExists.c:(.text+0x16): undefined reference to `pthread_create'
collect2: error: ld returned 1 exit status
CMakeFiles/cmTC_6c16c.dir/build.make:97: recipe for target 'cmTC_6c16c' failed
make[1]: *** [cmTC_6c16c] Error 1
make[1]: Leaving directory '/home/erik/Documents/Term_4/dit168/web-interface/Controller/build/CMakeFiles/CMakeTmp'
Makefile:126: recipe for target 'cmTC_6c16c/fast' failed
make: *** [cmTC_6c16c/fast] Error 2

File /home/erik/Documents/Term_4/dit168/web-interface/Controller/build/CMakeFiles/CMakeTmp/CheckSymbolExists.c:
/* */
#include <pthread.h>

int main(int argc, char** argv)
{
  (void)argv;
#ifndef pthread_create
  return ((int*)(&pthread_create))[argc];
#else
  (void)argc;
  return 0;
#endif
}

Determining if the function pthread_create exists in the pthreads failed with the following output:
Change Dir: /home/erik/Documents/Term_4/dit168/web-interface/Controller/build/CMakeFiles/CMakeTmp

Run Build Command:"/usr/bin/make" "cmTC_741f0/fast"
/usr/bin/make -f CMakeFiles/cmTC_741f0.dir/build.make CMakeFiles/cmTC_741f0.dir/build
make[1]: Entering directory '/home/erik/Documents/Term_4/dit168/web-interface/Controller/build/CMakeFiles/CMakeTmp'
Building C object CMakeFiles/cmTC_741f0.dir/CheckFunctionExists.c.o
/usr/bin/cc    -DCHECK_FUNCTION_EXISTS=pthread_create   -o CMakeFiles/cmTC_741f0.dir/CheckFunctionExists.c.o   -c /usr/share/cmake-3.5/Modules/CheckFunctionExists.c
Linking C executable cmTC_741f0
/usr/bin/cmake -E cmake_link_script CMakeFiles/cmTC_741f0.dir/link.txt --verbose=1
/usr/bin/cc   -DCHECK_FUNCTION_EXISTS=pthread_create    CMakeFiles/cmTC_741f0.dir/CheckFunctionExists.c.o  -o cmTC_741f0 -rdynamic -lpthreads 
/usr/bin/ld: cannot find -lpthreads
collect2: error: ld returned 1 exit status
CMakeFiles/cmTC_741f0.dir/build.make:97: recipe for target 'cmTC_741f0' failed
make[1]: *** [cmTC_741f0] Error 1
make[1]: Leaving directory '/home/erik/Documents/Term_4/dit168/web-interface/Controller/build/CMakeFiles/CMakeTmp'
Makefile:126: recipe for target 'cmTC_741f0/fast' failed
make: *** [cmTC_741f0/fast] Error 2


